{"/Users/aduvillier/Documents/projects/sails.0.11/api/controllers/UserController.js":{"path":"/Users/aduvillier/Documents/projects/sails.0.11/api/controllers/UserController.js","s":{"1":1,"2":1,"3":1,"4":1,"5":1,"6":1,"7":1,"8":1,"9":0,"10":1,"11":0,"12":1,"13":0,"14":1,"15":0,"16":1,"17":0},"b":{},"f":{"1":0,"2":0,"3":0,"4":0,"5":0},"fnMap":{"1":{"name":"find","line":20,"loc":{"start":{"line":20,"column":0},"end":{"line":20,"column":24}}},"2":{"name":"findOne","line":26,"loc":{"start":{"line":26,"column":0},"end":{"line":26,"column":27}}},"3":{"name":"create","line":32,"loc":{"start":{"line":32,"column":0},"end":{"line":32,"column":26}}},"4":{"name":"update","line":38,"loc":{"start":{"line":38,"column":0},"end":{"line":38,"column":26}}},"5":{"name":"destroy","line":44,"loc":{"start":{"line":44,"column":0},"end":{"line":44,"column":27}}}},"statementMap":{"1":{"start":{"line":3,"column":0},"end":{"line":5,"column":3}},"2":{"start":{"line":6,"column":0},"end":{"line":6,"column":20}},"3":{"start":{"line":7,"column":0},"end":{"line":7,"column":26}},"4":{"start":{"line":8,"column":0},"end":{"line":8,"column":24}},"5":{"start":{"line":9,"column":0},"end":{"line":9,"column":24}},"6":{"start":{"line":10,"column":0},"end":{"line":10,"column":26}},"7":{"start":{"line":18,"column":0},"end":{"line":18,"column":13}},"8":{"start":{"line":20,"column":0},"end":{"line":22,"column":1}},"9":{"start":{"line":21,"column":2},"end":{"line":21,"column":16}},"10":{"start":{"line":26,"column":0},"end":{"line":28,"column":1}},"11":{"start":{"line":27,"column":2},"end":{"line":27,"column":16}},"12":{"start":{"line":32,"column":0},"end":{"line":34,"column":1}},"13":{"start":{"line":33,"column":2},"end":{"line":33,"column":16}},"14":{"start":{"line":38,"column":0},"end":{"line":40,"column":1}},"15":{"start":{"line":39,"column":2},"end":{"line":39,"column":16}},"16":{"start":{"line":44,"column":0},"end":{"line":46,"column":1}},"17":{"start":{"line":45,"column":2},"end":{"line":45,"column":16}}},"branchMap":{}}}